{
  "RSpec": {
    "coverage": {
      "/Users/AmberOstendorf/DevPointCourse/trollo/config/environment.rb": [
        null,
        1,
        null,
        null,
        1
      ],
      "/Users/AmberOstendorf/DevPointCourse/trollo/config/application.rb": [
        1,
        null,
        1,
        null,
        1,
        1,
        1,
        1,
        1,
        1,
        1,
        1,
        1,
        null,
        null,
        null,
        null,
        1,
        null,
        1,
        1,
        null,
        1,
        null,
        null,
        null,
        null,
        null,
        null,
        null,
        1,
        null,
        null
      ],
      "/Users/AmberOstendorf/DevPointCourse/trollo/config/boot.rb": [
        1,
        null,
        1,
        1
      ],
      "/Users/AmberOstendorf/DevPointCourse/trollo/config/environments/test.rb": [
        1,
        null,
        null,
        null,
        null,
        null,
        null,
        1,
        null,
        null,
        null,
        null,
        1,
        null,
        null,
        1,
        1,
        null,
        null,
        null,
        null,
        1,
        1,
        null,
        null,
        1,
        null,
        null,
        1,
        null,
        null,
        1,
        null,
        1,
        null,
        null,
        null,
        null,
        1,
        null,
        null,
        1,
        null,
        null,
        null,
        null
      ],
      "/Users/AmberOstendorf/DevPointCourse/trollo/config/initializers/application_controller_renderer.rb": [
        null,
        null,
        null,
        null,
        null,
        null,
        null,
        null
      ],
      "/Users/AmberOstendorf/DevPointCourse/trollo/config/initializers/assets.rb": [
        null,
        null,
        null,
        1,
        null,
        null,
        null,
        null,
        1,
        null,
        null,
        null,
        null,
        null
      ],
      "/Users/AmberOstendorf/DevPointCourse/trollo/config/initializers/backtrace_silencers.rb": [
        null,
        null,
        null,
        null,
        null,
        null,
        null
      ],
      "/Users/AmberOstendorf/DevPointCourse/trollo/config/initializers/content_security_policy.rb": [
        null,
        null,
        null,
        null,
        null,
        null,
        null,
        null,
        null,
        null,
        null,
        null,
        null,
        null,
        null,
        null,
        null,
        null,
        null,
        null,
        null,
        null,
        null,
        null,
        null
      ],
      "/Users/AmberOstendorf/DevPointCourse/trollo/config/initializers/cookies_serializer.rb": [
        null,
        null,
        null,
        null,
        1
      ],
      "/Users/AmberOstendorf/DevPointCourse/trollo/config/initializers/filter_parameter_logging.rb": [
        null,
        null,
        null,
        1
      ],
      "/Users/AmberOstendorf/DevPointCourse/trollo/config/initializers/inflections.rb": [
        null,
        null,
        null,
        null,
        null,
        null,
        null,
        null,
        null,
        null,
        null,
        null,
        null,
        null,
        null,
        null
      ],
      "/Users/AmberOstendorf/DevPointCourse/trollo/config/initializers/mime_types.rb": [
        null,
        null,
        null,
        null
      ],
      "/Users/AmberOstendorf/DevPointCourse/trollo/config/initializers/wrap_parameters.rb": [
        null,
        null,
        null,
        null,
        null,
        null,
        1,
        2,
        null,
        null,
        null,
        null,
        null,
        null
      ],
      "/Users/AmberOstendorf/DevPointCourse/trollo/spec/factories/boards.rb": [
        1,
        1,
        1,
        1,
        null,
        null
      ],
      "/Users/AmberOstendorf/DevPointCourse/trollo/app/models/board.rb": [
        1,
        1,
        1,
        null
      ],
      "/Users/AmberOstendorf/DevPointCourse/trollo/app/models/application_record.rb": [
        1,
        1,
        null
      ],
      "/Users/AmberOstendorf/DevPointCourse/trollo/spec/factories/lists.rb": [
        1,
        1,
        1,
        1,
        1,
        null,
        null
      ],
      "/Users/AmberOstendorf/DevPointCourse/trollo/app/models/list.rb": [
        1,
        1,
        1,
        1,
        null
      ],
      "/Users/AmberOstendorf/DevPointCourse/trollo/spec/factories/tasks.rb": [
        1,
        1,
        1,
        1,
        null,
        null
      ],
      "/Users/AmberOstendorf/DevPointCourse/trollo/app/models/task.rb": [
        1,
        1,
        null
      ],
      "/Users/AmberOstendorf/DevPointCourse/trollo/config/routes.rb": [
        1,
        1,
        null,
        1,
        1,
        null,
        null,
        1,
        1,
        null,
        null,
        null,
        null
      ],
      "/Users/AmberOstendorf/DevPointCourse/trollo/app/helpers/application_helper.rb": [
        1,
        null
      ],
      "/Users/AmberOstendorf/DevPointCourse/trollo/app/helpers/boards_helper.rb": [
        1,
        null
      ],
      "/Users/AmberOstendorf/DevPointCourse/trollo/app/helpers/lists_helper.rb": [
        1,
        null
      ],
      "/Users/AmberOstendorf/DevPointCourse/trollo/app/helpers/tasks_helper.rb": [
        1,
        null
      ],
      "/Users/AmberOstendorf/DevPointCourse/trollo/app/controllers/boards_controller.rb": [
        1,
        1,
        null,
        1,
        0,
        null,
        null,
        1,
        null,
        null,
        1,
        0,
        null,
        null,
        1,
        null,
        null,
        1,
        4,
        null,
        4,
        2,
        null,
        2,
        null,
        null,
        null,
        1,
        0,
        0,
        null,
        0,
        null,
        null,
        null,
        1,
        0,
        0,
        null,
        null,
        1,
        null,
        1,
        0,
        null,
        null,
        1,
        4,
        null,
        null
      ],
      "/Users/AmberOstendorf/DevPointCourse/trollo/app/controllers/application_controller.rb": [
        1,
        null
      ],
      "/Users/AmberOstendorf/DevPointCourse/trollo/spec/controllers/lists_controller_spec.rb": [
        1,
        null,
        1,
        null,
        1,
        1,
        1,
        0,
        null,
        null,
        null,
        null
      ],
      "/Users/AmberOstendorf/DevPointCourse/trollo/app/controllers/lists_controller.rb": [
        1,
        1,
        1,
        null,
        1,
        0,
        null,
        null,
        1,
        null,
        null,
        1,
        0,
        0,
        null,
        null,
        1,
        0,
        null,
        null,
        1,
        0,
        null,
        0,
        0,
        null,
        0,
        null,
        null,
        null,
        1,
        0,
        0,
        null,
        0,
        null,
        null,
        null,
        1,
        0,
        0,
        null,
        null,
        1,
        1,
        1,
        null,
        null,
        1,
        0,
        null,
        null,
        1,
        0,
        null,
        null
      ],
      "/Users/AmberOstendorf/DevPointCourse/trollo/spec/controllers/tasks_controller_spec.rb": [
        1,
        null,
        1,
        null,
        1,
        1,
        1,
        0,
        null,
        null,
        null,
        null
      ],
      "/Users/AmberOstendorf/DevPointCourse/trollo/app/controllers/tasks_controller.rb": [
        1,
        1,
        1,
        null,
        1,
        0,
        null,
        null,
        1,
        null,
        null,
        1,
        0,
        0,
        null,
        null,
        1,
        0,
        null,
        null,
        1,
        0,
        null,
        0,
        0,
        null,
        0,
        null,
        null,
        null,
        1,
        0,
        0,
        null,
        0,
        null,
        null,
        null,
        1,
        0,
        0,
        null,
        null,
        1,
        1,
        0,
        null,
        null,
        1,
        0,
        null,
        null,
        1,
        0,
        null,
        null
      ],
      "/Users/AmberOstendorf/DevPointCourse/trollo/spec/helpers/boards_helper_spec.rb": [
        1,
        null,
        null,
        null,
        null,
        null,
        null,
        null,
        null,
        null,
        null,
        null,
        1,
        1,
        null
      ],
      "/Users/AmberOstendorf/DevPointCourse/trollo/spec/helpers/lists_helper_spec.rb": [
        1,
        null,
        null,
        null,
        null,
        null,
        null,
        null,
        null,
        null,
        null,
        null,
        1,
        1,
        null
      ],
      "/Users/AmberOstendorf/DevPointCourse/trollo/spec/helpers/tasks_helper_spec.rb": [
        1,
        null,
        null,
        null,
        null,
        null,
        null,
        null,
        null,
        null,
        null,
        null,
        1,
        1,
        null
      ],
      "/Users/AmberOstendorf/DevPointCourse/trollo/spec/models/board_spec.rb": [
        1,
        null,
        1,
        1,
        1,
        null,
        null,
        null
      ],
      "/Users/AmberOstendorf/DevPointCourse/trollo/spec/models/list_spec.rb": [
        1,
        null,
        1,
        1,
        1,
        null,
        null,
        1,
        1,
        null,
        null
      ],
      "/Users/AmberOstendorf/DevPointCourse/trollo/spec/models/task_spec.rb": [
        1,
        null,
        1,
        1,
        1,
        null,
        null,
        1,
        1,
        null,
        null,
        null
      ],
      "/Users/AmberOstendorf/DevPointCourse/trollo/spec/views/boards/new.html.erb_spec.rb": [
        1,
        null,
        1,
        1,
        null
      ],
      "/Users/AmberOstendorf/DevPointCourse/trollo/spec/views/lists/new.html.erb_spec.rb": [
        1,
        null,
        1,
        1,
        null
      ],
      "/Users/AmberOstendorf/DevPointCourse/trollo/spec/views/tasks/new.html.erb_spec.rb": [
        1,
        null,
        1,
        1,
        null
      ]
    },
    "timestamp": 1528234127
  }
}
